C51 COMPILER V9.52.0.0   DELAY                                                             04/07/2024 14:44:36 PAGE 1   


C51 COMPILER V9.52.0.0, COMPILATION OF MODULE DELAY
OBJECT MODULE PLACED IN .\Objects\delay.obj
COMPILER INVOKED BY: D:\Keil4\C51\BIN\C51.EXE source\source\delay.c BROWSE INCDIR(.\source\head file) DEBUG OBJECTEXTEND
                    - PRINT(.\Listings\delay.lst) TABS(2) OBJECT(.\Objects\delay.obj)

line level    source

   1          #include "delay.h"
   2          
   3          void delay_ms(uint16_t time){
   4   1          uint16_t i,j;
   5   1          for(i=0;i<time;i++){
   6   2              for(j=0;j<1300;j++);
   7   2          }
   8   1      }
   9          
  10          void delay(uint16_t k){
  11   1          do{} while(--k);
  12   1      }
  13          /*
  14          void delay_us(uint16_t times){
  15            uint16_t i,j;
  16            for (i = 0; i< times; i++){
  17              for (j = 0; j < 11; j++){
  18                _nop_();
  19                }
  20            }
  21          }
  22          */


MODULE INFORMATION:   STATIC OVERLAYABLE
   CODE SIZE        =     42    ----
   CONSTANT SIZE    =   ----    ----
   XDATA SIZE       =   ----    ----
   PDATA SIZE       =   ----    ----
   DATA SIZE        =   ----    ----
   IDATA SIZE       =   ----    ----
   BIT SIZE         =   ----    ----
END OF MODULE INFORMATION.


C51 COMPILATION COMPLETE.  0 WARNING(S),  0 ERROR(S)
