C51 COMPILER V9.52.0.0   FSM                                                               04/07/2024 14:44:37 PAGE 1   


C51 COMPILER V9.52.0.0, COMPILATION OF MODULE FSM
OBJECT MODULE PLACED IN .\Objects\FSM.obj
COMPILER INVOKED BY: D:\Keil4\C51\BIN\C51.EXE source\source\FSM.c BROWSE INCDIR(.\source\head file) DEBUG OBJECTEXTEND P
                    -RINT(.\Listings\FSM.lst) TABS(2) OBJECT(.\Objects\FSM.obj)

line level    source

   1          #include "FSM.h"
   2          
   3          uint8_t state=STATE0_0;
   4          
   5          void open_device_display(void){
   6   1          WriteStr(0,0,"开心消消乐");
   7   1          WriteStr(1,0,"西交自动化");
   8   1          WriteStr(2,0,"Lanzer");
   9   1          WriteStr(3,0,"879988920@qq.com");
  10   1        delay_ms(1000);
  11   1        delay_ms(1000);
  12   1        LcdClear(); 
  13   1      }
  14          
  15          void state_init(void){
  16   1          state=STATE0_0;
  17   1          WriteStr(0,0,">Dissipate Game");
  18   1          WriteStr(1,0,"XJTU ME");
  19   1          WriteStr(2,0,"README");
  20   1      }
  21          
  22          void state_transfer(void){
  23   1          if(state==STATE0_0){
  24   2              switch (P5){
  25   3              case KEY_L:{state=STATE0_2;LineClear(0);LineClear(2);}break;
  26   3              case KEY_R:{state=STATE0_1;LineClear(0);LineClear(1);}break;
  27   3              case KEY_M:{state=STATE_1;game_init();}break;
  28   3              default: break;
  29   3              }
  30   2              return;
  31   2          }
  32   1          else if(state==STATE0_1){
  33   2              switch (P5){
  34   3              case KEY_L:{state=STATE0_0;LineClear(0);LineClear(1);}break;
  35   3              case KEY_R:{state=STATE0_2;LineClear(0);LineClear(2);}break;
  36   3              case KEY_M:state=STATE_2;break;
  37   3              default: break;
  38   3              }
  39   2              return;
  40   2          }
  41   1          else if(state==STATE0_2){
  42   2              switch (P5){
  43   3              case KEY_L:{state=STATE0_1;LineClear(1);LineClear(2);}break;
  44   3              case KEY_R:{state=STATE0_0;LineClear(0);LineClear(2);}break;
  45   3              case KEY_M:state=STATE_3;break;
  46   3              default: break;
  47   3              }
  48   2              return;
  49   2          }
  50   1          else if(state==STATE_1){
  51   2              switch (P5){
  52   3              case KEY_L:press_left_key();break;
  53   3              case KEY_R:press_right_key();break;
  54   3              case KEY_M:press_middle_key();break;
C51 COMPILER V9.52.0.0   FSM                                                               04/07/2024 14:44:37 PAGE 2   

  55   3              default: break;
  56   3              }
  57   2              cursor_update();
  58   2              if(pad==0){
  59   3                  LcdClear();
  60   3                  WriteStr(0,0,"Game Over!");
  61   3                  delay_ms(1000);
  62   3                  state=STATE0_0;
  63   3              }
  64   2              return;
  65   2          }
  66   1          else if(state==STATE_2){
  67   2              switch (P5){
  68   3              case KEY_L:P4&=0xFD;break;
  69   3              case KEY_M:
  70   3                  LcdClear();
  71   3                  WriteStr(0,0,"开心消消乐");
  72   3                  WriteStr(1,0,"西交自动化");
  73   3                  WriteStr(2,0,"Lanzer");
  74   3                  WriteStr(3,0,"879988920@qq.com");
  75   3              break;
  76   3              case KEY_R:{LcdClear();state=STATE0_1;}break;
  77   3              default: break;
  78   3              return;
  79   3              }
  80   2          }
  81   1          else if(state==STATE_3){
  82   2              LcdClear();
  83   2              switch (P5){
  84   3              case KEY_L:
  85   3                WriteStr(0,0,"SB NT XJTU");
  86   3                WriteStr(1,0,"Fuck the Cybernetics");
  87   3                WriteStr(2,0,"of XJTU Automation");
  88   3                WriteStr(3,0,"Fuck this World");
  89   3              break;
  90   3              case KEY_M:
  91   3                WriteStr(0,0,"基于Lanzer离散状");
  92   3                WriteStr(1,0,"态转移和深度优先");
  93   3                WriteStr(2,0,"搜索和有限状态机");
  94   3                WriteStr(3,0,"祝你开心每一天");
  95   3                break;
  96   3              case KEY_R:state=STATE0_2;break;
  97   3              default: break;
  98   3              }
  99   2              return;
 100   2          }
 101   1      }
 102          
 103          void state_run(void){
 104   1          switch (state){
 105   2          case STATE0_0:
 106   2              WriteStr(0,0,">Dissipate Game");
 107   2              WriteStr(1,0,"XJTU ME");
 108   2              WriteStr(2,0,"README");
 109   2              break;
 110   2          case STATE0_1:
 111   2              WriteStr(0,0,"Dissipate Game");
 112   2              WriteStr(1,0,">XJTU ME");
 113   2              WriteStr(2,0,"README");
 114   2              break;
 115   2          case STATE0_2:
 116   2              WriteStr(0,0,"Dissipate Game");
C51 COMPILER V9.52.0.0   FSM                                                               04/07/2024 14:44:37 PAGE 3   

 117   2              WriteStr(1,0,"XJTU ME");
 118   2              WriteStr(2,0,">README");
 119   2              break;
 120   2          case STATE_1:
 121   2              WriteStr(0,0,block[0]);
 122   2            WriteStr(1,0,block[1]);
 123   2            WriteStr(2,0,block[2]);
 124   2              break;
 125   2          case STATE_2:
 126   2              break;
 127   2          case STATE_3:
 128   2              break;
 129   2          default:
 130   2              break;
 131   2          }
 132   1      }


MODULE INFORMATION:   STATIC OVERLAYABLE
   CODE SIZE        =    660    ----
   CONSTANT SIZE    =    253    ----
   XDATA SIZE       =   ----    ----
   PDATA SIZE       =   ----    ----
   DATA SIZE        =      1    ----
   IDATA SIZE       =   ----    ----
   BIT SIZE         =   ----    ----
END OF MODULE INFORMATION.


C51 COMPILATION COMPLETE.  0 WARNING(S),  0 ERROR(S)
