C51 COMPILER V9.52.0.0   MAIN                                                              04/07/2024 14:44:35 PAGE 1   


C51 COMPILER V9.52.0.0, COMPILATION OF MODULE MAIN
OBJECT MODULE PLACED IN .\Objects\main.obj
COMPILER INVOKED BY: D:\Keil4\C51\BIN\C51.EXE source\source\main.c BROWSE INCDIR(.\source\head file) DEBUG OBJECTEXTEND 
                    -PRINT(.\Listings\main.lst) TABS(2) OBJECT(.\Objects\main.obj)

line level    source

   1          #include <stdio.h>
   2          #include "sys.h"
   3          #include "c8051f020.h"
   4          #include "lcd.h"
   5          #include "BUZZER.h"
   6          #include "TIMER.h"
   7          #include "LED.h"
   8          #include "delay.h"
   9          #include "GAME.h"
  10          #include "FSM.h"
  11          #include "KEY.h"
  12          
  13          sbit INT1 = P0^2; //P0.3
  14          
  15          void Port_IO_Init()
  16          {
  17   1        //set P4[1] to push_pull model
  18   1          P74OUT |= 0x01;
  19   1      
  20   1          //close the alam P4.1
  21   1          P4 &= 0xfd;
  22   1        
  23   1        //uart1,int1
  24   1        XBR1 |= 0x10;//XBR1 |= 0x14
  25   1        XBR2 |= 0x44;
  26   1      }
  27          
  28          void Oscillator_Init()
  29          {
  30   1          int i = 0;
  31   1          OSCXCN    = 0x67;
  32   1          for (i = 0; i < 3000; i++);  // Wait 1ms for initialization
  33   1          while ((OSCXCN & 0x80) == 0);
  34   1          OSCICN    = 0x08;
  35   1      }
  36          
  37          
  38          void Interrupt_Init()
  39          {
  40   1        //INT1
  41   1        //low level triggle
  42   1        IT1 = 0;
  43   1        //enable INT1
  44   1        EX1 = 1;
  45   1        //enable all interrupt
  46   1        EA = 1;
  47   1      }
  48          
  49          void Init_Device(void)
  50          {
  51   1          //disable watchdog
  52   1          EA = 0;
  53   1          WDTCN = 0xde;
  54   1          WDTCN = 0xad;
C51 COMPILER V9.52.0.0   MAIN                                                              04/07/2024 14:44:35 PAGE 2   

  55   1          EA = 1;
  56   1          Oscillator_Init();
  57   1          Port_IO_Init();
  58   1        Timer0_Init();
  59   1        //TIM1_Init();
  60   1        Interrupt_Init();
  61   1          LcdInit();
  62   1        //buzzer_init();
  63   1      
  64   1      //  LedInit();
  65   1      }
  66          
  67          void main(void)
  68          { 
  69   1        Init_Device();
  70   1        
  71   1        INT1 = 1;
  72   1        
  73   1        //WriteStr(3,0,game_level4);
  74   1        //auto_play();
  75   1        //block_scan();
  76   1        //auto_cursor();
  77   1        
  78   1        open_device_display();
  79   1        state_init();
  80   1        //ImageShow(xjtu_image1);
  81   1          while(1){ 
  82   2          //state_transfer();
  83   2          //press_middle_key(); 
  84   2          //play_music();
  85   2          led_dispaly();
  86   2          //P5 = 0xFB;delay_ms(50);
  87   2          //P5 = 0xFD;delay_ms(50);
  88   2          //P5 = 0xFE;delay_ms(50);     
  89   2          }
  90   1      }
  91          
  92          void INT1_ISR(void) interrupt 2
  93          {
  94   1        
  95   1        //delay_ms(5);
  96   1        state_transfer();
  97   1        state_run();
  98   1        //delay_ms(5);
  99   1        
 100   1        /*
 101   1        switch(P5){
 102   1          case 0xfb:ImageShow(xjtu_image1);break;
 103   1            case 0xfd:ImageShow(xjtu_image2);break; 
 104   1          case 0xfe:ImageShow(xjtu_image3);break;   
 105   1        }
 106   1        */
 107   1      }
 108          
 109          void Timer1_Routine() interrupt 3
 110          {
 111   1        /*
 112   1        if(FreqTable[FreqSelect]){
 113   1          TL1 = FreqTable[FreqSelect]%256;    
 114   1          TH1 = FreqTable[FreqSelect]/256;    
 115   1          buzzer_high();
 116   1          buzzer_low();
C51 COMPILER V9.52.0.0   MAIN                                                              04/07/2024 14:44:35 PAGE 3   

 117   1        }
 118   1        */
 119   1      }
 120          
 121          
 122          
 123          
 124          
 125          


MODULE INFORMATION:   STATIC OVERLAYABLE
   CODE SIZE        =    150    ----
   CONSTANT SIZE    =   ----    ----
   XDATA SIZE       =   ----    ----
   PDATA SIZE       =   ----    ----
   DATA SIZE        =   ----    ----
   IDATA SIZE       =   ----    ----
   BIT SIZE         =   ----    ----
END OF MODULE INFORMATION.


C51 COMPILATION COMPLETE.  0 WARNING(S),  0 ERROR(S)
