C51 COMPILER V9.52.0.0   TIMER                                                             04/07/2024 14:44:36 PAGE 1   


C51 COMPILER V9.52.0.0, COMPILATION OF MODULE TIMER
OBJECT MODULE PLACED IN .\Objects\TIMER.obj
COMPILER INVOKED BY: D:\Keil4\C51\BIN\C51.EXE source\source\TIMER.c BROWSE INCDIR(.\source\head file) DEBUG OBJECTEXTEND
                    - PRINT(.\Listings\TIMER.lst) TABS(2) OBJECT(.\Objects\TIMER.obj)

line level    source

   1          #include "TIMER.h"
   2          
   3          void Timer0_Init(void)
   4          {
   5   1        TH0 = TIMER0_RELOAD_HIGH;           // Reinit Timer0 High register
   6   1        TL0 = TIMER0_RELOAD_LOW;
   7   1        ET0 = 1;                            // Timer0 interrupt enabled
   8   1        TMOD = 0x01;                        // 16-bit Mode Timer0
   9   1        //TCON |= 0x10;                        // Timer0 ON
  10   1      }
  11          /*
  12          void TIM1_Init(void){
  13              TMOD&=0xF0;
  14              TMOD|=0x02;
  15              TL1=0x18;
  16              TH1=0xFC;
  17              TF1=0;
  18              TR1=1;
  19              ET1=1;
  20              EA=1;
  21              PT1=0;
  22          }
  23          */


MODULE INFORMATION:   STATIC OVERLAYABLE
   CODE SIZE        =     12    ----
   CONSTANT SIZE    =   ----    ----
   XDATA SIZE       =   ----    ----
   PDATA SIZE       =   ----    ----
   DATA SIZE        =   ----    ----
   IDATA SIZE       =   ----    ----
   BIT SIZE         =   ----    ----
END OF MODULE INFORMATION.


C51 COMPILATION COMPLETE.  0 WARNING(S),  0 ERROR(S)
