Rebuild target 'menu'
compiling lcd.c...
compiling main.c...
compiling TIMER.c...
compiling delay.c...
compiling KEY.c...
compiling FSM.c...
compiling GAME.c...
compiling BUZZER.c...
compiling LED.c...
linking...
*** WARNING L16: UNCALLED SEGMENT, IGNORED FOR OVERLAY PROCESS
    SEGMENT: ?PR?_IMAGESHOW?LCD

*** WARNING L15: MULTIPLE CALL TO SEGMENT
    SEGMENT: ?PR?_WRITESTR?LCD
    CALLER1: ?PR?INT1_ISR?MAIN
    CALLER2: ?C_C51STARTUP

Program Size: data=96.0 xdata=0 code=3290
".\Objects\lcd" - 0 Error(s), 2 Warning(s).
Build Time Elapsed:  00:00:02
